<?xml version="1.0" encoding="UTF-8"?>
<!-- Generated by org.testng.reporters.JUnitXMLReporter -->
<testsuite ignored="2" hostname="DESKTOP-HVP770B" failures="0" tests="1" name="Default test" time="32.822" errors="0" timestamp="2026-02-05T17:50:08 GMT+07:00">
  <testcase classname="Railway.CreatAccountTest" name="TC09_CreateAndActivateAccount" time="28.853"/>
  <testcase classname="Railway.CreatAccountTest" name="TC07_CannotCreateAccountWithExistingEmail" time="0.0">
    <ignored/>
  </testcase> <!-- TC07_CannotCreateAccountWithExistingEmail -->
  <testcase classname="Railway.CreatAccountTest" name="TC08_RegisterWithEmptyPasswordAndPID" time="0.0">
    <ignored/>
  </testcase> <!-- TC08_RegisterWithEmptyPasswordAndPID -->
</testsuite> <!-- Default test -->
