<?xml version="1.0" encoding="UTF-8"?>
<!-- Generated by org.testng.reporters.JUnitXMLReporter -->
<testsuite ignored="4" hostname="DESKTOP-HVP770B" failures="0" tests="1" name="Default test" time="46.187" errors="0" timestamp="2026-02-10T14:29:46 ICT">
  <testcase classname="Railway.BookTicketTest" name="TC13_UserCanBookManyTicketsAtATime" time="41.288"/>
  <testcase classname="Railway.BookTicketTest" name="TC12_UserCanBookOneTicketAtATime" time="0.0">
    <ignored/>
  </testcase> <!-- TC12_UserCanBookOneTicketAtATime -->
  <testcase classname="Railway.BookTicketTest" name="TC14_UserCanCheckPriceOfTicketFromTimetable" time="0.0">
    <ignored/>
  </testcase> <!-- TC14_UserCanCheckPriceOfTicketFromTimetable -->
  <testcase classname="Railway.BookTicketTest" name="TC16_UserCanCancelATicket" time="0.0">
    <ignored/>
  </testcase> <!-- TC16_UserCanCancelATicket -->
  <testcase classname="Railway.BookTicketTest" name="TC15_UserCanBookTicketFromTimetable" time="0.0">
    <ignored/>
  </testcase> <!-- TC15_UserCanBookTicketFromTimetable -->
</testsuite> <!-- Default test -->
