<?xml version="1.0" encoding="UTF-8"?>
<!-- Generated by org.testng.reporters.JUnitXMLReporter -->
<testsuite ignored="4" hostname="DESKTOP-HVP770B" failures="0" tests="1" name="Default test" time="43.224" errors="0" timestamp="2026-02-10T20:14:32 ICT">
  <testcase classname="Railway.BookTicketTest" name="TC15_UserCanBookTicketFromTimetable" time="39.36"/>
  <testcase classname="Railway.BookTicketTest" name="TC16_UserCanCancelATicket" time="0.0">
    <ignored/>
  </testcase> <!-- TC16_UserCanCancelATicket -->
  <testcase classname="Railway.BookTicketTest" name="TC12_UserCanBookOneTicketAtATime" time="0.0">
    <ignored/>
  </testcase> <!-- TC12_UserCanBookOneTicketAtATime -->
  <testcase classname="Railway.BookTicketTest" name="TC13_UserCanBookManyTicketsAtATime" time="0.0">
    <ignored/>
  </testcase> <!-- TC13_UserCanBookManyTicketsAtATime -->
  <testcase classname="Railway.BookTicketTest" name="TC14_UserCanCheckPriceOfTicketFromTimetable" time="0.0">
    <ignored/>
  </testcase> <!-- TC14_UserCanCheckPriceOfTicketFromTimetable -->
</testsuite> <!-- Default test -->
