<?xml version="1.0" encoding="UTF-8"?>
<!-- Generated by org.testng.reporters.JUnitXMLReporter -->
<testsuite ignored="5" hostname="DESKTOP-HVP770B" failures="0" tests="1" name="Default test" time="12.541" errors="0" timestamp="2026-02-10T12:24:30 ICT">
  <testcase classname="Railway.LoginTest" name="TC01_LoginWithValidUsernameAndPassword" time="5.67"/>
  <testcase classname="Railway.LoginTest" name="TC02_LoginWithBlankPassword" time="0.0">
    <ignored/>
  </testcase> <!-- TC02_LoginWithBlankPassword -->
  <testcase classname="Railway.LoginTest" name="TC05_LoginWithNotActivatedAccount" time="0.0">
    <ignored/>
  </testcase> <!-- TC05_LoginWithNotActivatedAccount -->
  <testcase classname="Railway.LoginTest" name="TC06_RedirectToHomeAfterLogout" time="0.0">
    <ignored/>
  </testcase> <!-- TC06_RedirectToHomeAfterLogout -->
  <testcase classname="Railway.LoginTest" name="TC04_LoginWithMultipleWrongPasswordAttempts" time="0.0">
    <ignored/>
  </testcase> <!-- TC04_LoginWithMultipleWrongPasswordAttempts -->
  <testcase classname="Railway.LoginTest" name="TC03_LoginWithInvalidPassword" time="0.0">
    <ignored/>
  </testcase> <!-- TC03_LoginWithInvalidPassword -->
</testsuite> <!-- Default test -->
