<?xml version="1.0" encoding="UTF-8"?>
<!-- Generated by org.testng.reporters.JUnitXMLReporter -->
<testsuite ignored="3" hostname="DESKTOP-HVP770B" failures="3" tests="16" name="Login Tests" time="982.668" errors="0" timestamp="2026-02-11T14:49:23 ICT">
  <testcase classname="Railway.LoginTest" name="TC01_LoginWithValidUsernameAndPassword" time="5.293"/>
  <testcase classname="Railway.LoginTest" name="TC02_LoginWithBlankUsername" time="5.361"/>
  <testcase classname="Railway.LoginTest" name="TC03_LoginWithInvalidPassword" time="4.473"/>
  <testcase classname="Railway.LoginTest" name="TC04_LoginWithMultipleWrongPasswordAttempts" time="8.734">
    <failure type="java.lang.AssertionError" message="Attempt limit warning message is not displayed expected [You have used 4 out of 5 login attempts. After all 5 have been used, you will be unable to login for 15 minutes.] but found [Invalid username or password. Please try again.]">
      <![CDATA[java.lang.AssertionError: Attempt limit warning message is not displayed expected [You have used 4 out of 5 login attempts. After all 5 have been used, you will be unable to login for 15 minutes.] but found [Invalid username or password. Please try again.]
at Railway.LoginTest.TC04_LoginWithMultipleWrongPasswordAttempts(LoginTest.java:99)
at java.base/java.util.ArrayList.forEach(ArrayList.java:1596)
... Removed 30 stack frames]]>
    </failure>
  </testcase> <!-- TC04_LoginWithMultipleWrongPasswordAttempts -->
  <testcase classname="Railway.LoginTest" name="TC05_LoginWithNotActivatedAccount" time="4.522"/>
  <testcase classname="Railway.LoginTest" name="TC06_RedirectToHomeAfterLogout" time="9.843"/>
  <testcase classname="Railway.RegisterTest" name="TC07_CannotCreateAccountWithExistingEmail" time="6.216"/>
  <testcase classname="Railway.RegisterTest" name="TC08_RegisterWithEmptyPasswordAndPID" time="4.958"/>
  <testcase classname="Railway.RegisterTest" name="TC09_CreateAndActivateAccount" time="93.978"/>
  <testcase classname="Railway.ResetPasswordTest" name="TC10_ResetPasswordShowsErrorIfTheSamePassword" time="71.92">
    <failure type="java.lang.AssertionError" message="Error message is not displayed as expected expected [The new password cannot be the same as the current password] but found [Password changed! Click here to login.]">
      <![CDATA[java.lang.AssertionError: Error message is not displayed as expected expected [The new password cannot be the same as the current password] but found [Password changed! Click here to login.]
at Railway.ResetPasswordTest.TC10_ResetPasswordShowsErrorIfTheSamePassword(ResetPasswordTest.java:50)
at java.base/java.util.ArrayList.forEach(ArrayList.java:1596)
... Removed 30 stack frames]]>
    </failure>
  </testcase> <!-- TC10_ResetPasswordShowsErrorIfTheSamePassword -->
  <testcase classname="Railway.ResetPasswordTest" name="TC11_ResetPasswordShowsErrorIfDifferentConfirmPassword" time="137.937"/>
  <testcase classname="Railway.BookTicketTest" name="TC12_UserCanBookOneTicketAtATime" time="179.893"/>
  <testcase classname="Railway.BookTicketTest" name="TC13_UserCanBookManyTicketsAtATime" time="42.515"/>
  <testcase classname="Railway.BookTicketTest" name="TC14_UserCanCheckPriceOfTicketFromTimetable" time="48.328"/>
  <testcase classname="Railway.BookTicketTest" name="TC15_UserCanBookTicketFromTimetable" time="157.344"/>
  <testcase classname="Railway.BookTicketTest" name="TC16_UserCanCancelATicket" time="151.127">
    <failure type="java.lang.AssertionError" message="Cancelled ticket should no longer be in the list expected [false] but found [true]">
      <![CDATA[java.lang.AssertionError: Cancelled ticket should no longer be in the list expected [false] but found [true]
at Railway.BookTicketTest.TC16_UserCanCancelATicket(BookTicketTest.java:195)
at java.base/java.util.ArrayList.forEach(ArrayList.java:1596)
... Removed 28 stack frames]]>
    </failure>
  </testcase> <!-- TC16_UserCanCancelATicket -->
  <testcase classname="Railway.TestBase" name="@BeforeSuite beforeSuite" time="0.0">
    <ignored/>
  </testcase> <!-- @BeforeSuite beforeSuite -->
  <testcase classname="Railway.TestBase" name="@BeforeSuite beforeSuite" time="0.0">
    <ignored/>
  </testcase> <!-- @BeforeSuite beforeSuite -->
  <testcase classname="Railway.TestBase" name="@BeforeSuite beforeSuite" time="0.0">
    <ignored/>
  </testcase> <!-- @BeforeSuite beforeSuite -->
</testsuite> <!-- Login Tests -->
