<?xml version="1.0" encoding="UTF-8"?>
<!-- Generated by org.testng.reporters.JUnitXMLReporter -->
<testsuite ignored="0" hostname="DESKTOP-HVP770B" failures="2" tests="6" name="Login Tests" time="67.615" errors="0" timestamp="2026-02-10T14:12:58 ICT">
  <testcase classname="Railway.LoginTest" name="TC01_LoginWithValidUsernameAndPassword" time="6.147"/>
  <testcase classname="Railway.LoginTest" name="TC02_LoginWithBlankPassword" time="6.339"/>
  <testcase classname="Railway.LoginTest" name="TC03_LoginWithInvalidPassword" time="6.179">
    <failure type="java.lang.AssertionError" message="Error message is not displayed as expected. expected [There was a problem with your login and/or errors exist in your form.] but found [Invalid username or password. Please try again.]">
      <![CDATA[java.lang.AssertionError: Error message is not displayed as expected. expected [There was a problem with your login and/or errors exist in your form.] but found [Invalid username or password. Please try again.]
at Railway.LoginTest.TC03_LoginWithInvalidPassword(LoginTest.java:75)
at java.base/java.util.ArrayList.forEach(ArrayList.java:1596)
... Removed 30 stack frames]]>
    </failure>
  </testcase> <!-- TC03_LoginWithInvalidPassword -->
  <testcase classname="Railway.LoginTest" name="TC04_LoginWithMultipleWrongPasswordAttempts" time="16.468">
    <failure type="java.lang.AssertionError" message="The following asserts failed:
	Error message is not displayed correctly expected [Invalid username or password. Please try again] but found [Invalid username or password. Please try again.],
	Attempt limit warning message is not displayed expected [You have used 4 out of 5 login attempts. After all 5 have been used, you will be unable to login for 15 minutes.] but found [Invalid username or password. Please try again.]">
      <![CDATA[java.lang.AssertionError: The following asserts failed:
Error message is not displayed correctly expected [Invalid username or password. Please try again] but found [Invalid username or password. Please try again.],
Attempt limit warning message is not displayed expected [You have used 4 out of 5 login attempts. After all 5 have been used, you will be unable to login for 15 minutes.] but found [Invalid username or password. Please try again.]
at Railway.LoginTest.TC04_LoginWithMultipleWrongPasswordAttempts(LoginTest.java:116)
at java.base/java.util.ArrayList.forEach(ArrayList.java:1596)
... Removed 27 stack frames]]>
    </failure>
  </testcase> <!-- TC04_LoginWithMultipleWrongPasswordAttempts -->
  <testcase classname="Railway.LoginTest" name="TC05_LoginWithNotActivatedAccount" time="4.604"/>
  <testcase classname="Railway.LoginTest" name="TC06_RedirectToHomeAfterLogout" time="7.44"/>
</testsuite> <!-- Login Tests -->
