<?xml version="1.0" encoding="UTF-8"?>
<!-- Generated by org.testng.reporters.JUnitXMLReporter -->
<testsuite ignored="0" hostname="DESKTOP-HVP770B" failures="2" tests="2" name="Login Tests" time="177.334" errors="0" timestamp="2026-02-11T13:18:16 ICT">
  <testcase classname="Railway.ResetPasswordTest" name="TC10_ResetPasswordShowsErrorIfTheSamePassword" time="105.199">
    <failure type="java.lang.AssertionError" message="User was redirected away from reset password page or Form &amp;apos;Password Change Form&amp;apos; is not shown with the reset password token expected [true] but found [false]">
      <![CDATA[java.lang.AssertionError: User was redirected away from reset password page or Form 'Password Change Form' is not shown with the reset password token expected [true] but found [false]
at Railway.ResetPasswordTest.TC10_ResetPasswordShowsErrorIfTheSamePassword(ResetPasswordTest.java:41)
at java.base/java.util.ArrayList.forEach(ArrayList.java:1596)
... Removed 28 stack frames]]>
    </failure>
  </testcase> <!-- TC10_ResetPasswordShowsErrorIfTheSamePassword -->
  <testcase classname="Railway.ResetPasswordTest" name="TC11_ResetPasswordShowsErrorIfDifferentConfirmPasswords" time="66.456">
    <failure type="java.lang.AssertionError" message="User was redirected away from reset password page or Form &amp;apos;Password Change Form&amp;apos; is not shown with the reset password token expected [true] but found [false]">
      <![CDATA[java.lang.AssertionError: User was redirected away from reset password page or Form 'Password Change Form' is not shown with the reset password token expected [true] but found [false]
at Railway.ResetPasswordTest.TC11_ResetPasswordShowsErrorIfDifferentConfirmPasswords(ResetPasswordTest.java:84)
at java.base/java.util.ArrayList.forEach(ArrayList.java:1596)
... Removed 28 stack frames]]>
    </failure>
  </testcase> <!-- TC11_ResetPasswordShowsErrorIfDifferentConfirmPasswords -->
</testsuite> <!-- Login Tests -->
