<?xml version="1.0" encoding="UTF-8"?>
<!-- Generated by org.testng.reporters.JUnitXMLReporter -->
<testsuite ignored="3" hostname="DESKTOP-HVP770B" failures="3" tests="16" name="Railway Booking Test Suite" time="967.008" errors="0" timestamp="2026-02-12T16:59:55 ICT">
  <testcase classname="Railway.LoginTest" name="TC01_LoginWithValidUsernameAndPassword" time="8.597"/>
  <testcase classname="Railway.LoginTest" name="TC02_LoginWithBlankUsername" time="10.767"/>
  <testcase classname="Railway.LoginTest" name="TC03_LoginWithInvalidPassword" time="17.312"/>
  <testcase classname="Railway.LoginTest" name="TC04_LoginWithMultipleWrongPasswordAttempts" time="10.019">
    <failure type="java.lang.AssertionError" message="Attempt limit warning message is not displayed expected [You have used 4 out of 5 login attempts. After all 5 have been used, you will be unable to login for 15 minutes.] but found [Invalid username or password. Please try again.]">
      <![CDATA[java.lang.AssertionError: Attempt limit warning message is not displayed expected [You have used 4 out of 5 login attempts. After all 5 have been used, you will be unable to login for 15 minutes.] but found [Invalid username or password. Please try again.]
at Railway.LoginTest.TC04_LoginWithMultipleWrongPasswordAttempts(LoginTest.java:99)
at java.base/java.util.ArrayList.forEach(ArrayList.java:1596)
... Removed 30 stack frames]]>
    </failure>
  </testcase> <!-- TC04_LoginWithMultipleWrongPasswordAttempts -->
  <testcase classname="Railway.LoginTest" name="TC05_LoginWithNotActivatedAccount" time="26.835"/>
  <testcase classname="Railway.LoginTest" name="TC06_RedirectToHomeAfterLogout" time="12.628"/>
  <testcase classname="Railway.RegisterTest" name="TC07_CannotCreateAccountWithExistingEmail" time="37.025"/>
  <testcase classname="Railway.RegisterTest" name="TC08_RegisterWithEmptyPasswordAndPID" time="129.156"/>
  <testcase classname="Railway.RegisterTest" name="TC09_CreateAndActivateAccount" time="33.841"/>
  <testcase classname="Railway.ResetPasswordTest" name="TC10_ResetPasswordShowsErrorIfTheSamePassword" time="48.295">
    <failure type="org.openqa.selenium.StaleElementReferenceException" message="stale element reference: stale element not found
  (Session info: chrome=144.0.7559.133)
For documentation on this error, please visit: https://www.selenium.dev/documentation/webdriver/troubleshooting/errors#staleelementreferenceexception
Build info: version: &amp;apos;4.40.0&amp;apos;, revision: &amp;apos;b3333f1&amp;apos;
System info: os.name: &amp;apos;Windows 10&amp;apos;, os.arch: &amp;apos;amd64&amp;apos;, os.version: &amp;apos;10.0&amp;apos;, java.version: &amp;apos;21.0.1&amp;apos;
Driver info: org.openqa.selenium.chrome.ChromeDriver
Command: [7db563fff1aaa3315486776f6558131b, getElementText {id=f.FF111A397A0B714F6C7F3A6BACE68F02.d.6E99A624D53D76AB4A53780401C4862C.e.17}]
Capabilities {acceptInsecureCerts: false, browserName: chrome, browserVersion: 144.0.7559.133, chrome: {chromedriverVersion: 144.0.7559.133 (7da823b1d59..., userDataDir: C:\Users\rjck0\AppData\Loca...}, fedcm:accounts: true, goog:chromeOptions: {debuggerAddress: localhost:51560}, goog:processID: 44656, networkConnectionEnabled: false, pageLoadStrategy: normal, platformName: windows, proxy: Proxy(), se:cdp: ws://localhost:51560/devtoo..., se:cdpVersion: 144.0.7559.133, setWindowRect: true, strictFileInteractability: false, timeouts: {implicit: 0, pageLoad: 300000, script: 30000}, unhandledPromptBehavior: dismiss and notify, webauthn:extension:credBlob: true, webauthn:extension:largeBlob: true, webauthn:extension:minPinLength: true, webauthn:extension:prf: true, webauthn:virtualAuthenticators: true}
Element: [[ChromeDriver: chrome on windows (7db563fff1aaa3315486776f6558131b)] -&amp;gt; xpath: //div[@class=&amp;apos;account&amp;apos;]/strong]
Session ID: 7db563fff1aaa3315486776f6558131b">
      <![CDATA[org.openqa.selenium.StaleElementReferenceException: stale element reference: stale element not found
  (Session info: chrome=144.0.7559.133)
For documentation on this error, please visit: https://www.selenium.dev/documentation/webdriver/troubleshooting/errors#staleelementreferenceexception
Build info: version: '4.40.0', revision: 'b3333f1'
System info: os.name: 'Windows 10', os.arch: 'amd64', os.version: '10.0', java.version: '21.0.1'
Driver info: org.openqa.selenium.chrome.ChromeDriver
Command: [7db563fff1aaa3315486776f6558131b, getElementText {id=f.FF111A397A0B714F6C7F3A6BACE68F02.d.6E99A624D53D76AB4A53780401C4862C.e.17}]
Capabilities {acceptInsecureCerts: false, browserName: chrome, browserVersion: 144.0.7559.133, chrome: {chromedriverVersion: 144.0.7559.133 (7da823b1d59..., userDataDir: C:\Users\rjck0\AppData\Loca...}, fedcm:accounts: true, goog:chromeOptions: {debuggerAddress: localhost:51560}, goog:processID: 44656, networkConnectionEnabled: false, pageLoadStrategy: normal, platformName: windows, proxy: Proxy(), se:cdp: ws://localhost:51560/devtoo..., se:cdpVersion: 144.0.7559.133, setWindowRect: true, strictFileInteractability: false, timeouts: {implicit: 0, pageLoad: 300000, script: 30000}, unhandledPromptBehavior: dismiss and notify, webauthn:extension:credBlob: true, webauthn:extension:largeBlob: true, webauthn:extension:minPinLength: true, webauthn:extension:prf: true, webauthn:virtualAuthenticators: true}
Element: [[ChromeDriver: chrome on windows (7db563fff1aaa3315486776f6558131b)] -> xpath: //div[@class='account']/strong]
Session ID: 7db563fff1aaa3315486776f6558131b
at org.openqa.selenium.remote.ErrorCodec.decode(ErrorCodec.java:169)
at org.openqa.selenium.remote.codec.w3c.W3CHttpResponseCodec.decode(W3CHttpResponseCodec.java:142)
at org.openqa.selenium.remote.codec.w3c.W3CHttpResponseCodec.decode(W3CHttpResponseCodec.java:49)
at org.openqa.selenium.remote.HttpCommandExecutor.execute(HttpCommandExecutor.java:223)
at org.openqa.selenium.remote.service.DriverCommandExecutor.invokeExecute(DriverCommandExecutor.java:216)
at org.openqa.selenium.remote.service.DriverCommandExecutor.execute(DriverCommandExecutor.java:174)
at org.openqa.selenium.remote.RemoteWebDriver.execute(RemoteWebDriver.java:601)
at org.openqa.selenium.remote.RemoteWebElement.execute(RemoteWebElement.java:223)
at org.openqa.selenium.remote.RemoteWebElement.getText(RemoteWebElement.java:191)
at Railway.GeneralPage.getWelcomeMessage(GeneralPage.java:34)
at Railway.LoginPage.isLogined(LoginPage.java:84)
at Railway.LoginPage.resetPassword(LoginPage.java:131)
at Railway.ResetPasswordTest.TC10_ResetPasswordShowsErrorIfTheSamePassword(ResetPasswordTest.java:48)
at java.base/java.util.ArrayList.forEach(ArrayList.java:1596)
... Removed 25 stack frames]]>
    </failure>
  </testcase> <!-- TC10_ResetPasswordShowsErrorIfTheSamePassword -->
  <testcase classname="Railway.ResetPasswordTest" name="TC11_ResetPasswordShowsErrorIfDifferentConfirmPassword" time="125.526"/>
  <testcase classname="Railway.BookTicketTest" name="TC12_UserCanBookOneTicketAtATime" time="67.48"/>
  <testcase classname="Railway.BookTicketTest" name="TC13_UserCanBookManyTicketsAtATime" time="132.81"/>
  <testcase classname="Railway.BookTicketTest" name="TC14_UserCanCheckPriceOfTicketFromTimetable" time="125.704"/>
  <testcase classname="Railway.BookTicketTest" name="TC15_UserCanBookTicketFromTimetable" time="96.488"/>
  <testcase classname="Railway.BookTicketTest" name="TC16_UserCanCancelATicket" time="35.827">
    <failure type="java.lang.AssertionError" message="Cancelled ticket should no longer be in the list expected [false] but found [true]">
      <![CDATA[java.lang.AssertionError: Cancelled ticket should no longer be in the list expected [false] but found [true]
at Railway.BookTicketTest.TC16_UserCanCancelATicket(BookTicketTest.java:210)
at java.base/java.util.ArrayList.forEach(ArrayList.java:1596)
... Removed 28 stack frames]]>
    </failure>
  </testcase> <!-- TC16_UserCanCancelATicket -->
  <testcase classname="Railway.TestBase" name="@BeforeSuite beforeSuite" time="0.0">
    <ignored/>
  </testcase> <!-- @BeforeSuite beforeSuite -->
  <testcase classname="Railway.TestBase" name="@BeforeSuite beforeSuite" time="0.0">
    <ignored/>
  </testcase> <!-- @BeforeSuite beforeSuite -->
  <testcase classname="Railway.TestBase" name="@BeforeSuite beforeSuite" time="0.0">
    <ignored/>
  </testcase> <!-- @BeforeSuite beforeSuite -->
</testsuite> <!-- Railway Booking Test Suite -->
