<?xml version="1.0" encoding="UTF-8"?>
<!-- Generated by org.testng.reporters.JUnitXMLReporter -->
<testsuite ignored="0" hostname="DESKTOP-HVP770B" failures="0" tests="3" name="Register Tests" time="55.28" errors="0" timestamp="2026-02-10T14:13:53 ICT">
  <testcase classname="Railway.RegisterTest" name="TC07_CannotCreateAccountWithExistingEmail" time="5.164"/>
  <testcase classname="Railway.RegisterTest" name="TC08_RegisterWithEmptyPasswordAndPID" time="5.171"/>
  <testcase classname="Railway.RegisterTest" name="TC09_CreateAndActivateAccount" time="36.56"/>
</testsuite> <!-- Register Tests -->
