<?xml version="1.0" encoding="UTF-8"?>
<!-- Generated by org.testng.reporters.JUnitXMLReporter -->
<testsuite ignored="0" hostname="DESKTOP-HVP770B" failures="2" tests="2" name="Reset Password Tests" time="163.338" errors="0" timestamp="2026-02-10T14:16:37 ICT">
  <testcase classname="Railway.ResetPasswordTest" name="TC10_ResetPasswordShowsErrorIfTheSamePassword" time="64.342">
    <failure type="java.lang.AssertionError" message="The following asserts failed:
	User was redirected away from reset password page or Form &amp;apos;Password Change Form&amp;apos; is not shown with the reset password token expected [true] but found [false],
	Error message is not displayed as expected expected [The new password cannot be the same as the current password] but found [Password changed! Click here to login.]">
      <![CDATA[java.lang.AssertionError: The following asserts failed:
User was redirected away from reset password page or Form 'Password Change Form' is not shown with the reset password token expected [true] but found [false],
Error message is not displayed as expected expected [The new password cannot be the same as the current password] but found [Password changed! Click here to login.]
at Railway.ResetPasswordTest.TC10_ResetPasswordShowsErrorIfTheSamePassword(ResetPasswordTest.java:59)
at java.base/java.util.ArrayList.forEach(ArrayList.java:1596)
... Removed 27 stack frames]]>
    </failure>
  </testcase> <!-- TC10_ResetPasswordShowsErrorIfTheSamePassword -->
  <testcase classname="Railway.ResetPasswordTest" name="TC11_ResetPasswordShowsErrorIfDifferentConfirmPasswords" time="92.786">
    <failure type="java.lang.AssertionError" message="The following asserts failed:
	User was redirected away from reset password page or Form &amp;apos;Password Change Form&amp;apos; is not shown with the reset password token expected [true] but found [false]">
      <![CDATA[java.lang.AssertionError: The following asserts failed:
User was redirected away from reset password page or Form 'Password Change Form' is not shown with the reset password token expected [true] but found [false]
at Railway.ResetPasswordTest.TC11_ResetPasswordShowsErrorIfDifferentConfirmPasswords(ResetPasswordTest.java:121)
at java.base/java.util.ArrayList.forEach(ArrayList.java:1596)
... Removed 27 stack frames]]>
    </failure>
  </testcase> <!-- TC11_ResetPasswordShowsErrorIfDifferentConfirmPasswords -->
</testsuite> <!-- Reset Password Tests -->
