<?xml version="1.0" encoding="UTF-8"?>
<testng-results ignored="4" total="5" passed="1" failed="0" skipped="0">
  <reporter-output>
  </reporter-output>
  <suite started-at="2026-02-10T14:29:00 ICT" name="Default suite" finished-at="2026-02-10T14:29:46 ICT" duration-ms="46187">
    <groups>
    </groups>
    <test started-at="2026-02-10T14:29:00 ICT" name="Default test" finished-at="2026-02-10T14:29:46 ICT" duration-ms="46187">
      <class name="Railway.BookTicketTest">
        <test-method is-config="true" signature="beforeSuite(java.lang.String,java.lang.String)[pri:0, instance:Railway.BookTicketTest@4c39bec8]" started-at="2026-02-10T14:29:00 ICT" name="beforeSuite" finished-at="2026-02-10T14:29:00 ICT" duration-ms="44" status="PASS">
          <params>
            <param index="0">
              <value>
                <![CDATA[chrome]]>
              </value>
            </param>
            <param index="1">
              <value>
                <![CDATA[http://railway.somee.com]]>
              </value>
            </param>
          </params>
          <reporter-output>
          </reporter-output>
        </test-method> <!-- beforeSuite -->
        <test-method is-config="true" signature="beforeMethod()[pri:0, instance:Railway.BookTicketTest@4c39bec8]" started-at="2026-02-10T14:29:00 ICT" name="beforeMethod" finished-at="2026-02-10T14:29:04 ICT" duration-ms="3831" status="PASS">
          <reporter-output>
          </reporter-output>
        </test-method> <!-- beforeMethod -->
        <test-method signature="TC13_UserCanBookManyTicketsAtATime()[pri:0, instance:Railway.BookTicketTest@4c39bec8]" started-at="2026-02-10T14:29:04 ICT" name="TC13_UserCanBookManyTicketsAtATime" finished-at="2026-02-10T14:29:45 ICT" duration-ms="41288" status="PASS">
          <reporter-output>
          </reporter-output>
        </test-method> <!-- TC13_UserCanBookManyTicketsAtATime -->
        <test-method is-config="true" signature="afterMethod()[pri:0, instance:Railway.BookTicketTest@4c39bec8]" started-at="2026-02-10T14:29:45 ICT" name="afterMethod" finished-at="2026-02-10T14:29:46 ICT" duration-ms="971" status="PASS">
          <reporter-output>
          </reporter-output>
        </test-method> <!-- afterMethod -->
      </class> <!-- Railway.BookTicketTest -->
    </test> <!-- Default test -->
  </suite> <!-- Default suite -->
</testng-results>
