<?xml version="1.0" encoding="UTF-8"?>
<testng-results ignored="5" total="6" passed="1" failed="0" skipped="0">
  <reporter-output>
  </reporter-output>
  <suite started-at="2026-02-10T12:24:17 ICT" name="Default suite" finished-at="2026-02-10T12:24:30 ICT" duration-ms="12541">
    <groups>
    </groups>
    <test started-at="2026-02-10T12:24:17 ICT" name="Default test" finished-at="2026-02-10T12:24:30 ICT" duration-ms="12541">
      <class name="Railway.LoginTest">
        <test-method is-config="true" signature="beforeMethod()[pri:0, instance:Railway.LoginTest@2925bf5b]" started-at="2026-02-10T12:24:18 ICT" name="beforeMethod" finished-at="2026-02-10T12:24:24 ICT" duration-ms="6757" status="PASS">
          <reporter-output>
          </reporter-output>
        </test-method> <!-- beforeMethod -->
        <test-method signature="TC01_LoginWithValidUsernameAndPassword()[pri:0, instance:Railway.LoginTest@2925bf5b]" started-at="2026-02-10T12:24:24 ICT" name="TC01_LoginWithValidUsernameAndPassword" finished-at="2026-02-10T12:24:30 ICT" duration-ms="5670" status="PASS">
          <reporter-output>
          </reporter-output>
        </test-method> <!-- TC01_LoginWithValidUsernameAndPassword -->
        <test-method is-config="true" signature="afterMethod()[pri:0, instance:Railway.LoginTest@2925bf5b]" started-at="2026-02-10T12:24:30 ICT" name="afterMethod" finished-at="2026-02-10T12:24:30 ICT" duration-ms="0" status="PASS">
          <reporter-output>
          </reporter-output>
        </test-method> <!-- afterMethod -->
      </class> <!-- Railway.LoginTest -->
    </test> <!-- Default test -->
  </suite> <!-- Default suite -->
</testng-results>
