<?xml version="1.0" encoding="UTF-8"?>
<!-- Generated by org.testng.reporters.JUnitReportReporter -->
<testsuite hostname="DESKTOP-HVP770B" failures="0" tests="3" name="Railway.RegisterTest" time="51.299" errors="0" timestamp="2026-02-10T21:20:49 ICT" skipped="0">
  <testcase classname="Railway.RegisterTest" name="TC07_CannotCreateAccountWithExistingEmail" time="8.202"/>
  <testcase classname="Railway.RegisterTest" name="TC08_RegisterWithEmptyPasswordAndPID" time="9.675"/>
  <testcase classname="Railway.RegisterTest" name="TC09_CreateAndActivateAccount" time="33.422"/>
</testsuite> <!-- Railway.RegisterTest -->
