<?xml version="1.0" encoding="UTF-8"?>
<!-- Generated by org.testng.reporters.JUnitReportReporter -->
<testsuite hostname="DESKTOP-HVP770B" failures="0" tests="3" name="Railway.RegisterTest" time="112.633" errors="0" timestamp="2026-02-11T14:49:24 ICT" skipped="0">
  <testcase classname="Railway.RegisterTest" name="TC07_CannotCreateAccountWithExistingEmail" time="8.492"/>
  <testcase classname="Railway.RegisterTest" name="TC08_RegisterWithEmptyPasswordAndPID" time="7.240"/>
  <testcase classname="Railway.RegisterTest" name="TC09_CreateAndActivateAccount" time="96.901"/>
</testsuite> <!-- Railway.RegisterTest -->
