<?xml version="1.0" encoding="UTF-8"?>
<!-- Generated by org.testng.reporters.JUnitReportReporter -->
<testsuite hostname="DESKTOP-HVP770B" failures="0" tests="3" name="Railway.RegisterTest" time="207.876" errors="0" timestamp="2026-02-12T16:59:56 ICT" skipped="0">
  <testcase classname="Railway.RegisterTest" name="TC09_CreateAndActivateAccount" time="36.105"/>
  <testcase classname="Railway.RegisterTest" name="TC08_RegisterWithEmptyPasswordAndPID" time="131.918"/>
  <testcase classname="Railway.RegisterTest" name="TC07_CannotCreateAccountWithExistingEmail" time="39.853"/>
</testsuite> <!-- Railway.RegisterTest -->
