<?xml version="1.0" encoding="UTF-8"?>
<!-- Generated by org.testng.reporters.JUnitReportReporter -->
<testsuite hostname="DESKTOP-HVP770B" failures="0" tests="3" name="Railway.CreatAccountTest" time="46.535" errors="0" timestamp="2026-02-06T08:41:34 GMT+07:00" skipped="0">
  <testcase classname="Railway.CreatAccountTest" name="TC09_CreateAndActivateAccount" time="31.097"/>
  <testcase classname="Railway.CreatAccountTest" name="TC07_CannotCreateAccountWithExistingEmail" time="9.049"/>
  <testcase classname="Railway.CreatAccountTest" name="TC08_RegisterWithEmptyPasswordAndPID" time="6.389"/>
</testsuite> <!-- Railway.CreatAccountTest -->
