<?xml version="1.0" encoding="UTF-8"?>
<!-- Generated by org.testng.reporters.JUnitReportReporter -->
<testsuite hostname="DESKTOP-HVP770B" failures="0" tests="3" name="Railway.RegisterTest" time="65.453" errors="0" timestamp="2026-02-11T11:02:01 ICT" skipped="0">
  <testcase classname="Railway.RegisterTest" name="TC07_CannotCreateAccountWithExistingEmail" time="8.466"/>
  <testcase classname="Railway.RegisterTest" name="TC09_CreateAndActivateAccount" time="47.299"/>
  <testcase classname="Railway.RegisterTest" name="TC08_RegisterWithEmptyPasswordAndPID" time="9.688"/>
</testsuite> <!-- Railway.RegisterTest -->
