<?xml version="1.0" encoding="UTF-8"?>
<!-- Generated by org.testng.reporters.JUnitReportReporter -->
<testsuite hostname="DESKTOP-HVP770B" failures="0" tests="3" name="Railway.RegisterTest" time="55.256" errors="0" timestamp="2026-02-10T14:20:05 ICT" skipped="0">
  <testcase classname="Railway.RegisterTest" name="TC08_RegisterWithEmptyPasswordAndPID" time="7.886"/>
  <testcase classname="Railway.RegisterTest" name="TC07_CannotCreateAccountWithExistingEmail" time="7.663"/>
  <testcase classname="Railway.RegisterTest" name="TC09_CreateAndActivateAccount" time="39.707"/>
</testsuite> <!-- Railway.RegisterTest -->
